Build started 4/17/2015 7:25:33 PM.
     1>Project "C:\damian\trillianotr-code\code\TrillianOTR.vcxproj" on node 2 (Build target(s)).
     1>ClCompile:
         C:\Program Files (x86)\Microsoft Visual Studio 12.0\VC\bin\CL.exe /c /Iinclude /Zi /nologo /W2 /WX- /Od /Oy- /D WIN32 /D NDEBUG /D _WINDOWS /D _USRDLL /D TRILLIANOTR_EXPORTS /D _WINDLL /D _MBCS /Gm- /EHsc /RTC1 /MD /GS /fp:precise /Zc:wchar_t /Zc:forScope /Fo"Debug\\" /Fd"Debug\vc120.pdb" /Gd /TP /analyze- /errorReport:prompt dlgAbout.cpp dlgConfig.cpp dlgGeneral.cpp dlgNewFingerprint.cpp dlgPrefs.cpp dlgSession.cpp dlgUnknownFingerprint.cpp dlgVerifyFingerprint.cpp SMPChallengeDlg.cpp SMPStartDlg.cpp stdafx.cpp totrConfig.cpp totrMenu.cpp totrOtrl.cpp TotrState.cpp totrUtils.cpp TrillianOTR.cpp TrillianTypes.cpp
         dlgAbout.cpp
     1>c:\damian\trillianotr-code\code\stdafx.h(50): fatal error C1083: Cannot open include file: 'windows.h': No such file or directory
         dlgConfig.cpp
     1>c:\damian\trillianotr-code\code\stdafx.h(50): fatal error C1083: Cannot open include file: 'windows.h': No such file or directory
         dlgGeneral.cpp
     1>c:\damian\trillianotr-code\code\stdafx.h(50): fatal error C1083: Cannot open include file: 'windows.h': No such file or directory
         dlgNewFingerprint.cpp
     1>c:\damian\trillianotr-code\code\stdafx.h(50): fatal error C1083: Cannot open include file: 'windows.h': No such file or directory
         dlgPrefs.cpp
     1>c:\damian\trillianotr-code\code\stdafx.h(50): fatal error C1083: Cannot open include file: 'windows.h': No such file or directory
         dlgSession.cpp
     1>c:\damian\trillianotr-code\code\stdafx.h(50): fatal error C1083: Cannot open include file: 'windows.h': No such file or directory
         dlgUnknownFingerprint.cpp
     1>c:\damian\trillianotr-code\code\stdafx.h(50): fatal error C1083: Cannot open include file: 'windows.h': No such file or directory
         dlgVerifyFingerprint.cpp
     1>c:\damian\trillianotr-code\code\stdafx.h(50): fatal error C1083: Cannot open include file: 'windows.h': No such file or directory
         SMPChallengeDlg.cpp
     1>c:\damian\trillianotr-code\code\stdafx.h(50): fatal error C1083: Cannot open include file: 'windows.h': No such file or directory
         SMPStartDlg.cpp
     1>c:\damian\trillianotr-code\code\stdafx.h(50): fatal error C1083: Cannot open include file: 'windows.h': No such file or directory
         stdafx.cpp
     1>c:\damian\trillianotr-code\code\stdafx.h(50): fatal error C1083: Cannot open include file: 'windows.h': No such file or directory
         totrConfig.cpp
     1>c:\damian\trillianotr-code\code\stdafx.h(50): fatal error C1083: Cannot open include file: 'windows.h': No such file or directory
         totrMenu.cpp
     1>c:\damian\trillianotr-code\code\stdafx.h(50): fatal error C1083: Cannot open include file: 'windows.h': No such file or directory
         totrOtrl.cpp
     1>c:\damian\trillianotr-code\code\stdafx.h(50): fatal error C1083: Cannot open include file: 'windows.h': No such file or directory
         TotrState.cpp
     1>c:\damian\trillianotr-code\code\stdafx.h(50): fatal error C1083: Cannot open include file: 'windows.h': No such file or directory
         totrUtils.cpp
     1>c:\damian\trillianotr-code\code\stdafx.h(50): fatal error C1083: Cannot open include file: 'windows.h': No such file or directory
         TrillianOTR.cpp
     1>c:\damian\trillianotr-code\code\stdafx.h(50): fatal error C1083: Cannot open include file: 'windows.h': No such file or directory
         TrillianTypes.cpp
     1>c:\damian\trillianotr-code\code\stdafx.h(50): fatal error C1083: Cannot open include file: 'windows.h': No such file or directory
         Generating Code...
     1>Done Building Project "C:\damian\trillianotr-code\code\TrillianOTR.vcxproj" (Build target(s)) -- FAILED.

Build FAILED.

Time Elapsed 00:00:00.39
